app/build/intermediates/manifest_merge_blame_file/debug/manifest-merger-blame-debug-report.txt
1<?xml version="1.0" encoding="utf-8"?>
2<manifest xmlns:android="http://schemas.android.com/apk/res/android"
3    package="com.example.bharatyatrisathi"
4    android:versionCode="1"
5    android:versionName="1.0" >
6
7    <uses-sdk
8        android:minSdkVersion="24"
9        android:targetSdkVersion="33" />
10
11    <uses-permission android:name="android.permission.INTERNET" />
11-->src\main\AndroidManifest.xml:5:5-67
11-->src\main\AndroidManifest.xml:5:22-64
12    <uses-permission android:name="android.permission.ACCESS_COARSE_LOCATION" />
12-->src\main\AndroidManifest.xml:6:5-81
12-->src\main\AndroidManifest.xml:6:22-78
13    <uses-permission android:name="android.permission.ACCESS_BACKGROUND_LOCATION" />
13-->src\main\AndroidManifest.xml:7:5-84
13-->src\main\AndroidManifest.xml:7:22-82
14    <uses-permission android:name="android.permission.ACCESS_FINE_LOCATION" />
14-->src\main\AndroidManifest.xml:8:5-79
14-->src\main\AndroidManifest.xml:8:22-76
15    <uses-permission android:name="android.permission.ACCESS_NETWORK_STATE" />
15-->[com.google.firebase:firebase-auth:22.2.0] AndroidManifest.xml:26:5-79
15-->[com.google.firebase:firebase-auth:22.2.0] AndroidManifest.xml:26:22-76
16
17    <queries>
17-->[com.google.firebase:firebase-inappmessaging-display:20.4.0] AndroidManifest.xml:10:5-16:15
18        <intent>
18-->[com.google.firebase:firebase-inappmessaging-display:20.4.0] AndroidManifest.xml:11:9-15:18
19            <action android:name="android.intent.action.VIEW" />
19-->[com.google.firebase:firebase-auth:22.2.0] AndroidManifest.xml:36:17-69
19-->[com.google.firebase:firebase-auth:22.2.0] AndroidManifest.xml:36:25-66
20
21            <data android:scheme="https" />
21-->[com.google.firebase:firebase-auth:22.2.0] AndroidManifest.xml:41:17-44:51
21-->[com.google.firebase:firebase-auth:22.2.0] AndroidManifest.xml:44:21-48
22        </intent>
23        <!-- Needs to be explicitly declared on Android R+ -->
24        <package android:name="com.google.android.apps.maps" />
24-->[com.google.android.gms:play-services-maps:18.2.0] AndroidManifest.xml:33:9-64
24-->[com.google.android.gms:play-services-maps:18.2.0] AndroidManifest.xml:33:18-61
25    </queries>
26
27    <uses-feature
27-->[com.google.android.gms:play-services-maps:18.2.0] AndroidManifest.xml:26:5-28:35
28        android:glEsVersion="0x00020000"
28-->[com.google.android.gms:play-services-maps:18.2.0] AndroidManifest.xml:27:9-41
29        android:required="true" />
29-->[com.google.android.gms:play-services-maps:18.2.0] AndroidManifest.xml:28:9-32
30
31    <uses-permission android:name="android.permission.POST_NOTIFICATIONS" />
31-->[com.google.firebase:firebase-messaging:23.3.1] AndroidManifest.xml:23:5-77
31-->[com.google.firebase:firebase-messaging:23.3.1] AndroidManifest.xml:23:22-74
32    <uses-permission android:name="android.permission.WAKE_LOCK" /> <!-- Required by older versions of Google Play services to create IID tokens -->
32-->[com.google.firebase:firebase-messaging:23.3.1] AndroidManifest.xml:24:5-68
32-->[com.google.firebase:firebase-messaging:23.3.1] AndroidManifest.xml:24:22-65
33    <uses-permission android:name="com.google.android.c2dm.permission.RECEIVE" />
33-->[com.google.firebase:firebase-messaging:23.3.1] AndroidManifest.xml:26:5-82
33-->[com.google.firebase:firebase-messaging:23.3.1] AndroidManifest.xml:26:22-79
34
35    <permission
35-->[androidx.core:core:1.9.0] AndroidManifest.xml:22:5-24:47
36        android:name="com.example.bharatyatrisathi.DYNAMIC_RECEIVER_NOT_EXPORTED_PERMISSION"
36-->[androidx.core:core:1.9.0] AndroidManifest.xml:23:9-81
37        android:protectionLevel="signature" />
37-->[androidx.core:core:1.9.0] AndroidManifest.xml:24:9-44
38
39    <uses-permission android:name="com.example.bharatyatrisathi.DYNAMIC_RECEIVER_NOT_EXPORTED_PERMISSION" />
39-->[androidx.core:core:1.9.0] AndroidManifest.xml:26:5-97
39-->[androidx.core:core:1.9.0] AndroidManifest.xml:26:22-94
40
41    <application
41-->src\main\AndroidManifest.xml:10:5-94:19
42        android:name="com.example.bharatyatrisathi.MyApplication"
42-->src\main\AndroidManifest.xml:15:9-38
43        android:allowBackup="true"
43-->src\main\AndroidManifest.xml:11:9-35
44        android:appComponentFactory="androidx.core.app.CoreComponentFactory"
44-->[androidx.core:core:1.9.0] AndroidManifest.xml:28:18-86
45        android:dataExtractionRules="@xml/data_extraction_rules"
45-->src\main\AndroidManifest.xml:12:9-65
46        android:debuggable="true"
47        android:extractNativeLibs="false"
48        android:fullBackupContent="@xml/backup_rules"
48-->src\main\AndroidManifest.xml:13:9-54
49        android:icon="@mipmap/ic_launcher"
49-->src\main\AndroidManifest.xml:14:9-43
50        android:label="@string/app_name"
50-->src\main\AndroidManifest.xml:16:9-41
51        android:roundIcon="@mipmap/ic_launcher_round"
51-->src\main\AndroidManifest.xml:18:9-54
52        android:supportsRtl="true"
52-->src\main\AndroidManifest.xml:19:9-35
53        android:testOnly="true"
54        android:theme="@style/Theme.Design.NoActionBar" >
54-->src\main\AndroidManifest.xml:20:9-56
55        <activity
55-->src\main\AndroidManifest.xml:22:9-24:40
56            android:name="com.example.bharatyatrisathi.GoogleSign"
56-->src\main\AndroidManifest.xml:23:13-39
57            android:exported="false" />
57-->src\main\AndroidManifest.xml:24:13-37
58        <activity
58-->src\main\AndroidManifest.xml:25:9-27:40
59            android:name="com.example.bharatyatrisathi.ImagesActivity"
59-->src\main\AndroidManifest.xml:26:13-43
60            android:exported="false" />
60-->src\main\AndroidManifest.xml:27:13-37
61        <activity
61-->src\main\AndroidManifest.xml:28:9-30:40
62            android:name="com.example.bharatyatrisathi.Setting"
62-->src\main\AndroidManifest.xml:29:13-36
63            android:exported="false" />
63-->src\main\AndroidManifest.xml:30:13-37
64        <activity
64-->src\main\AndroidManifest.xml:31:9-33:40
65            android:name="com.example.bharatyatrisathi.ProfileActivity"
65-->src\main\AndroidManifest.xml:32:13-44
66            android:exported="false" />
66-->src\main\AndroidManifest.xml:33:13-37
67        <activity
67-->src\main\AndroidManifest.xml:34:9-36:40
68            android:name="com.example.bharatyatrisathi.Login"
68-->src\main\AndroidManifest.xml:35:13-34
69            android:exported="false" />
69-->src\main\AndroidManifest.xml:36:13-37
70        <activity
70-->src\main\AndroidManifest.xml:37:9-39:40
71            android:name="com.example.bharatyatrisathi.Profile"
71-->src\main\AndroidManifest.xml:38:13-36
72            android:exported="false" />
72-->src\main\AndroidManifest.xml:39:13-37
73        <activity
73-->src\main\AndroidManifest.xml:40:9-42:40
74            android:name="com.example.bharatyatrisathi.Minigames"
74-->src\main\AndroidManifest.xml:41:13-38
75            android:exported="false" />
75-->src\main\AndroidManifest.xml:42:13-37
76        <activity
76-->src\main\AndroidManifest.xml:43:9-45:40
77            android:name="com.example.bharatyatrisathi.Register"
77-->src\main\AndroidManifest.xml:44:13-37
78            android:exported="false" />
78-->src\main\AndroidManifest.xml:45:13-37
79        <activity
79-->src\main\AndroidManifest.xml:46:9-48:40
80            android:name="com.example.bharatyatrisathi.ChatBotActivity"
80-->src\main\AndroidManifest.xml:47:13-44
81            android:exported="false" />
81-->src\main\AndroidManifest.xml:48:13-37
82        <!--
83             TODO: Before you run your application, you need a Google Maps API key.
84
85             To get one, follow the directions here:
86
87                https://developers.google.com/maps/documentation/android-sdk/get-api-key
88
89             Once you have your API key (it starts with "AIza"), define a new property in your
90             project's local.properties file (e.g. MAPS_API_KEY=Aiza...), and replace the
91             "YOUR_API_KEY" string in this file with "${MAPS_API_KEY}".
92        -->
93        <meta-data
93-->src\main\AndroidManifest.xml:60:9-62:71
94            android:name="com.google.android.geo.API_KEY"
94-->src\main\AndroidManifest.xml:61:13-58
95            android:value="AIzaSyB-rzpsDDXO5dIwjySx34IuK7Q6ysaxuN4" />
95-->src\main\AndroidManifest.xml:62:13-68
96
97        <activity
97-->src\main\AndroidManifest.xml:64:9-66:40
98            android:name="com.example.bharatyatrisathi.ChatBotKotlin"
98-->src\main\AndroidManifest.xml:65:13-42
99            android:exported="false" />
99-->src\main\AndroidManifest.xml:66:13-37
100        <activity
100-->src\main\AndroidManifest.xml:67:9-69:40
101            android:name="com.example.bharatyatrisathi.PlanTrip"
101-->src\main\AndroidManifest.xml:68:13-37
102            android:exported="false" />
102-->src\main\AndroidManifest.xml:69:13-37
103        <activity
103-->src\main\AndroidManifest.xml:70:9-72:40
104            android:name="com.example.bharatyatrisathi.Opening_page"
104-->src\main\AndroidManifest.xml:71:13-41
105            android:exported="false" />
105-->src\main\AndroidManifest.xml:72:13-37
106        <activity
106-->src\main\AndroidManifest.xml:73:9-81:20
107            android:name="com.example.bharatyatrisathi.Splash_activity"
107-->src\main\AndroidManifest.xml:74:13-44
108            android:exported="true" >
108-->src\main\AndroidManifest.xml:75:13-36
109            <intent-filter>
109-->src\main\AndroidManifest.xml:76:13-80:29
110                <action android:name="android.intent.action.MAIN" />
110-->src\main\AndroidManifest.xml:77:17-69
110-->src\main\AndroidManifest.xml:77:25-66
111
112                <category android:name="android.intent.category.LAUNCHER" />
112-->src\main\AndroidManifest.xml:79:17-77
112-->src\main\AndroidManifest.xml:79:27-74
113            </intent-filter>
114        </activity>
115        <activity
115-->src\main\AndroidManifest.xml:82:9-84:40
116            android:name="com.example.bharatyatrisathi.Explorerpage"
116-->src\main\AndroidManifest.xml:83:13-41
117            android:exported="false" />
117-->src\main\AndroidManifest.xml:84:13-37
118        <activity
118-->src\main\AndroidManifest.xml:85:9-87:40
119            android:name="com.example.bharatyatrisathi.MeetStranger"
119-->src\main\AndroidManifest.xml:86:13-41
120            android:exported="false" />
120-->src\main\AndroidManifest.xml:87:13-37
121        <activity
121-->src\main\AndroidManifest.xml:88:9-90:40
122            android:name="com.example.bharatyatrisathi.Homepage"
122-->src\main\AndroidManifest.xml:89:13-37
123            android:exported="false" />
123-->src\main\AndroidManifest.xml:90:13-37
124        <activity
124-->src\main\AndroidManifest.xml:91:9-93:40
125            android:name="com.example.bharatyatrisathi.MainActivity"
125-->src\main\AndroidManifest.xml:92:13-41
126            android:exported="false" />
126-->src\main\AndroidManifest.xml:93:13-37
127
128        <service
128-->[com.google.firebase:firebase-inappmessaging-display-ktx:20.4.0] AndroidManifest.xml:9:9-15:19
129            android:name="com.google.firebase.components.ComponentDiscoveryService"
129-->[com.google.firebase:firebase-inappmessaging-display-ktx:20.4.0] AndroidManifest.xml:10:13-84
130            android:directBootAware="true"
130-->[com.google.firebase:firebase-common:20.4.2] AndroidManifest.xml:32:13-43
131            android:exported="false" >
131-->[com.google.firebase:firebase-inappmessaging-display-ktx:20.4.0] AndroidManifest.xml:11:13-37
132            <meta-data
132-->[com.google.firebase:firebase-inappmessaging-display-ktx:20.4.0] AndroidManifest.xml:12:13-14:85
133                android:name="com.google.firebase.components:com.google.firebase.inappmessaging.display.ktx.FirebaseInappmessagingDisplayLegacyRegistrar"
133-->[com.google.firebase:firebase-inappmessaging-display-ktx:20.4.0] AndroidManifest.xml:13:17-154
134                android:value="com.google.firebase.components.ComponentRegistrar" />
134-->[com.google.firebase:firebase-inappmessaging-display-ktx:20.4.0] AndroidManifest.xml:14:17-82
135            <meta-data
135-->[com.google.firebase:firebase-config-ktx:21.5.0] AndroidManifest.xml:12:13-14:85
136                android:name="com.google.firebase.components:com.google.firebase.remoteconfig.ktx.FirebaseConfigLegacyRegistrar"
136-->[com.google.firebase:firebase-config-ktx:21.5.0] AndroidManifest.xml:13:17-129
137                android:value="com.google.firebase.components.ComponentRegistrar" />
137-->[com.google.firebase:firebase-config-ktx:21.5.0] AndroidManifest.xml:14:17-82
138            <meta-data
138-->[com.google.firebase:firebase-messaging-ktx:23.3.1] AndroidManifest.xml:26:13-28:85
139                android:name="com.google.firebase.components:com.google.firebase.messaging.ktx.FirebaseMessagingLegacyRegistrar"
139-->[com.google.firebase:firebase-messaging-ktx:23.3.1] AndroidManifest.xml:27:17-129
140                android:value="com.google.firebase.components.ComponentRegistrar" />
140-->[com.google.firebase:firebase-messaging-ktx:23.3.1] AndroidManifest.xml:28:17-82
141            <meta-data
141-->[com.google.firebase:firebase-firestore-ktx:24.9.1] AndroidManifest.xml:12:13-14:85
142                android:name="com.google.firebase.components:com.google.firebase.firestore.ktx.FirebaseFirestoreLegacyRegistrar"
142-->[com.google.firebase:firebase-firestore-ktx:24.9.1] AndroidManifest.xml:13:17-129
143                android:value="com.google.firebase.components.ComponentRegistrar" />
143-->[com.google.firebase:firebase-firestore-ktx:24.9.1] AndroidManifest.xml:14:17-82
144            <meta-data
144-->[com.google.firebase:firebase-storage-ktx:20.3.0] AndroidManifest.xml:12:13-14:85
145                android:name="com.google.firebase.components:com.google.firebase.storage.ktx.FirebaseStorageLegacyRegistrar"
145-->[com.google.firebase:firebase-storage-ktx:20.3.0] AndroidManifest.xml:13:17-125
146                android:value="com.google.firebase.components.ComponentRegistrar" />
146-->[com.google.firebase:firebase-storage-ktx:20.3.0] AndroidManifest.xml:14:17-82
147            <meta-data
147-->[com.google.firebase:firebase-database-ktx:20.3.0] AndroidManifest.xml:12:13-14:85
148                android:name="com.google.firebase.components:com.google.firebase.database.ktx.FirebaseDatabaseLegacyRegistrar"
148-->[com.google.firebase:firebase-database-ktx:20.3.0] AndroidManifest.xml:13:17-127
149                android:value="com.google.firebase.components.ComponentRegistrar" />
149-->[com.google.firebase:firebase-database-ktx:20.3.0] AndroidManifest.xml:14:17-82
150            <meta-data
150-->[com.google.firebase:firebase-auth-ktx:22.2.0] AndroidManifest.xml:11:13-13:85
151                android:name="com.google.firebase.components:com.google.firebase.auth.ktx.FirebaseAuthLegacyRegistrar"
151-->[com.google.firebase:firebase-auth-ktx:22.2.0] AndroidManifest.xml:12:17-119
152                android:value="com.google.firebase.components.ComponentRegistrar" />
152-->[com.google.firebase:firebase-auth-ktx:22.2.0] AndroidManifest.xml:13:17-82
153            <meta-data
153-->[com.google.firebase:firebase-auth:22.2.0] AndroidManifest.xml:69:13-71:85
154                android:name="com.google.firebase.components:com.google.firebase.auth.FirebaseAuthRegistrar"
154-->[com.google.firebase:firebase-auth:22.2.0] AndroidManifest.xml:70:17-109
155                android:value="com.google.firebase.components.ComponentRegistrar" />
155-->[com.google.firebase:firebase-auth:22.2.0] AndroidManifest.xml:71:17-82
156            <meta-data
156-->[com.google.firebase:firebase-inappmessaging-display:20.4.0] AndroidManifest.xml:22:13-24:85
157                android:name="com.google.firebase.components:com.google.firebase.inappmessaging.display.FirebaseInAppMessagingDisplayKtxRegistrar"
157-->[com.google.firebase:firebase-inappmessaging-display:20.4.0] AndroidManifest.xml:23:17-147
158                android:value="com.google.firebase.components.ComponentRegistrar" />
158-->[com.google.firebase:firebase-inappmessaging-display:20.4.0] AndroidManifest.xml:24:17-82
159            <meta-data
159-->[com.google.firebase:firebase-inappmessaging-display:20.4.0] AndroidManifest.xml:25:13-27:85
160                android:name="com.google.firebase.components:com.google.firebase.inappmessaging.display.FirebaseInAppMessagingDisplayRegistrar"
160-->[com.google.firebase:firebase-inappmessaging-display:20.4.0] AndroidManifest.xml:26:17-144
161                android:value="com.google.firebase.components.ComponentRegistrar" />
161-->[com.google.firebase:firebase-inappmessaging-display:20.4.0] AndroidManifest.xml:27:17-82
162            <meta-data
162-->[com.google.firebase:firebase-messaging:23.3.1] AndroidManifest.xml:57:13-59:85
163                android:name="com.google.firebase.components:com.google.firebase.messaging.FirebaseMessagingKtxRegistrar"
163-->[com.google.firebase:firebase-messaging:23.3.1] AndroidManifest.xml:58:17-122
164                android:value="com.google.firebase.components.ComponentRegistrar" />
164-->[com.google.firebase:firebase-messaging:23.3.1] AndroidManifest.xml:59:17-82
165            <meta-data
165-->[com.google.firebase:firebase-messaging:23.3.1] AndroidManifest.xml:60:13-62:85
166                android:name="com.google.firebase.components:com.google.firebase.messaging.FirebaseMessagingRegistrar"
166-->[com.google.firebase:firebase-messaging:23.3.1] AndroidManifest.xml:61:17-119
167                android:value="com.google.firebase.components.ComponentRegistrar" />
167-->[com.google.firebase:firebase-messaging:23.3.1] AndroidManifest.xml:62:17-82
168            <meta-data
168-->[com.google.firebase:firebase-firestore:24.9.1] AndroidManifest.xml:17:13-19:85
169                android:name="com.google.firebase.components:com.google.firebase.firestore.FirebaseFirestoreKtxRegistrar"
169-->[com.google.firebase:firebase-firestore:24.9.1] AndroidManifest.xml:18:17-122
170                android:value="com.google.firebase.components.ComponentRegistrar" />
170-->[com.google.firebase:firebase-firestore:24.9.1] AndroidManifest.xml:19:17-82
171            <meta-data
171-->[com.google.firebase:firebase-firestore:24.9.1] AndroidManifest.xml:20:13-22:85
172                android:name="com.google.firebase.components:com.google.firebase.firestore.FirestoreRegistrar"
172-->[com.google.firebase:firebase-firestore:24.9.1] AndroidManifest.xml:21:17-111
173                android:value="com.google.firebase.components.ComponentRegistrar" />
173-->[com.google.firebase:firebase-firestore:24.9.1] AndroidManifest.xml:22:17-82
174            <meta-data
174-->[com.google.firebase:firebase-storage:20.3.0] AndroidManifest.xml:30:13-32:85
175                android:name="com.google.firebase.components:com.google.firebase.storage.FirebaseStorageKtxRegistrar"
175-->[com.google.firebase:firebase-storage:20.3.0] AndroidManifest.xml:31:17-118
176                android:value="com.google.firebase.components.ComponentRegistrar" />
176-->[com.google.firebase:firebase-storage:20.3.0] AndroidManifest.xml:32:17-82
177            <meta-data
177-->[com.google.firebase:firebase-storage:20.3.0] AndroidManifest.xml:33:13-35:85
178                android:name="com.google.firebase.components:com.google.firebase.storage.StorageRegistrar"
178-->[com.google.firebase:firebase-storage:20.3.0] AndroidManifest.xml:34:17-107
179                android:value="com.google.firebase.components.ComponentRegistrar" />
179-->[com.google.firebase:firebase-storage:20.3.0] AndroidManifest.xml:35:17-82
180            <meta-data
180-->[com.google.firebase:firebase-database:20.3.0] AndroidManifest.xml:29:13-31:85
181                android:name="com.google.firebase.components:com.google.firebase.database.FirebaseDatabaseKtxRegistrar"
181-->[com.google.firebase:firebase-database:20.3.0] AndroidManifest.xml:30:17-120
182                android:value="com.google.firebase.components.ComponentRegistrar" />
182-->[com.google.firebase:firebase-database:20.3.0] AndroidManifest.xml:31:17-82
183            <meta-data
183-->[com.google.firebase:firebase-database:20.3.0] AndroidManifest.xml:32:13-34:85
184                android:name="com.google.firebase.components:com.google.firebase.database.DatabaseRegistrar"
184-->[com.google.firebase:firebase-database:20.3.0] AndroidManifest.xml:33:17-109
185                android:value="com.google.firebase.components.ComponentRegistrar" />
185-->[com.google.firebase:firebase-database:20.3.0] AndroidManifest.xml:34:17-82
186            <meta-data
186-->[com.google.firebase:firebase-appcheck:17.1.0] AndroidManifest.xml:25:13-27:85
187                android:name="com.google.firebase.components:com.google.firebase.appcheck.FirebaseAppCheckKtxRegistrar"
187-->[com.google.firebase:firebase-appcheck:17.1.0] AndroidManifest.xml:26:17-120
188                android:value="com.google.firebase.components.ComponentRegistrar" />
188-->[com.google.firebase:firebase-appcheck:17.1.0] AndroidManifest.xml:27:17-82
189            <meta-data
189-->[com.google.firebase:firebase-appcheck:17.1.0] AndroidManifest.xml:28:13-30:85
190                android:name="com.google.firebase.components:com.google.firebase.appcheck.FirebaseAppCheckRegistrar"
190-->[com.google.firebase:firebase-appcheck:17.1.0] AndroidManifest.xml:29:17-117
191                android:value="com.google.firebase.components.ComponentRegistrar" />
191-->[com.google.firebase:firebase-appcheck:17.1.0] AndroidManifest.xml:30:17-82
192            <meta-data
192-->[com.google.firebase:firebase-inappmessaging:20.4.0] AndroidManifest.xml:14:13-16:85
193                android:name="com.google.firebase.components:com.google.firebase.inappmessaging.FirebaseInAppMessagingKtxRegistrar"
193-->[com.google.firebase:firebase-inappmessaging:20.4.0] AndroidManifest.xml:15:17-132
194                android:value="com.google.firebase.components.ComponentRegistrar" />
194-->[com.google.firebase:firebase-inappmessaging:20.4.0] AndroidManifest.xml:16:17-82
195            <meta-data
195-->[com.google.firebase:firebase-inappmessaging:20.4.0] AndroidManifest.xml:17:13-19:85
196                android:name="com.google.firebase.components:com.google.firebase.inappmessaging.FirebaseInAppMessagingRegistrar"
196-->[com.google.firebase:firebase-inappmessaging:20.4.0] AndroidManifest.xml:18:17-129
197                android:value="com.google.firebase.components.ComponentRegistrar" />
197-->[com.google.firebase:firebase-inappmessaging:20.4.0] AndroidManifest.xml:19:17-82
198            <meta-data
198-->[com.google.firebase:firebase-config:21.5.0] AndroidManifest.xml:29:13-31:85
199                android:name="com.google.firebase.components:com.google.firebase.remoteconfig.FirebaseRemoteConfigKtxRegistrar"
199-->[com.google.firebase:firebase-config:21.5.0] AndroidManifest.xml:30:17-128
200                android:value="com.google.firebase.components.ComponentRegistrar" />
200-->[com.google.firebase:firebase-config:21.5.0] AndroidManifest.xml:31:17-82
201            <meta-data
201-->[com.google.firebase:firebase-config:21.5.0] AndroidManifest.xml:32:13-34:85
202                android:name="com.google.firebase.components:com.google.firebase.remoteconfig.RemoteConfigRegistrar"
202-->[com.google.firebase:firebase-config:21.5.0] AndroidManifest.xml:33:17-117
203                android:value="com.google.firebase.components.ComponentRegistrar" />
203-->[com.google.firebase:firebase-config:21.5.0] AndroidManifest.xml:34:17-82
204            <meta-data
204-->[com.google.firebase:firebase-installations:17.2.0] AndroidManifest.xml:15:13-17:85
205                android:name="com.google.firebase.components:com.google.firebase.installations.FirebaseInstallationsKtxRegistrar"
205-->[com.google.firebase:firebase-installations:17.2.0] AndroidManifest.xml:16:17-130
206                android:value="com.google.firebase.components.ComponentRegistrar" />
206-->[com.google.firebase:firebase-installations:17.2.0] AndroidManifest.xml:17:17-82
207            <meta-data
207-->[com.google.firebase:firebase-installations:17.2.0] AndroidManifest.xml:18:13-20:85
208                android:name="com.google.firebase.components:com.google.firebase.installations.FirebaseInstallationsRegistrar"
208-->[com.google.firebase:firebase-installations:17.2.0] AndroidManifest.xml:19:17-127
209                android:value="com.google.firebase.components.ComponentRegistrar" />
209-->[com.google.firebase:firebase-installations:17.2.0] AndroidManifest.xml:20:17-82
210            <meta-data
210-->[com.google.firebase:firebase-common-ktx:20.4.2] AndroidManifest.xml:12:13-14:85
211                android:name="com.google.firebase.components:com.google.firebase.ktx.FirebaseCommonLegacyRegistrar"
211-->[com.google.firebase:firebase-common-ktx:20.4.2] AndroidManifest.xml:13:17-116
212                android:value="com.google.firebase.components.ComponentRegistrar" />
212-->[com.google.firebase:firebase-common-ktx:20.4.2] AndroidManifest.xml:14:17-82
213            <meta-data
213-->[com.google.firebase:firebase-common:20.4.2] AndroidManifest.xml:35:13-37:85
214                android:name="com.google.firebase.components:com.google.firebase.FirebaseCommonKtxRegistrar"
214-->[com.google.firebase:firebase-common:20.4.2] AndroidManifest.xml:36:17-109
215                android:value="com.google.firebase.components.ComponentRegistrar" />
215-->[com.google.firebase:firebase-common:20.4.2] AndroidManifest.xml:37:17-82
216            <meta-data
216-->[com.google.firebase:firebase-abt:21.1.1] AndroidManifest.xml:12:13-14:85
217                android:name="com.google.firebase.components:com.google.firebase.abt.component.AbtRegistrar"
217-->[com.google.firebase:firebase-abt:21.1.1] AndroidManifest.xml:13:17-109
218                android:value="com.google.firebase.components.ComponentRegistrar" />
218-->[com.google.firebase:firebase-abt:21.1.1] AndroidManifest.xml:14:17-82
219            <meta-data
219-->[com.google.firebase:firebase-datatransport:18.2.0] AndroidManifest.xml:25:13-27:85
220                android:name="com.google.firebase.components:com.google.firebase.datatransport.TransportRegistrar"
220-->[com.google.firebase:firebase-datatransport:18.2.0] AndroidManifest.xml:26:17-115
221                android:value="com.google.firebase.components.ComponentRegistrar" />
221-->[com.google.firebase:firebase-datatransport:18.2.0] AndroidManifest.xml:27:17-82
222        </service>
223
224        <provider
224-->[com.squareup.picasso:picasso:2.71828] AndroidManifest.xml:8:9-11:40
225            android:name="com.squareup.picasso.PicassoProvider"
225-->[com.squareup.picasso:picasso:2.71828] AndroidManifest.xml:9:13-64
226            android:authorities="com.example.bharatyatrisathi.com.squareup.picasso"
226-->[com.squareup.picasso:picasso:2.71828] AndroidManifest.xml:10:13-72
227            android:exported="false" />
227-->[com.squareup.picasso:picasso:2.71828] AndroidManifest.xml:11:13-37
228
229        <activity
229-->[com.google.firebase:firebase-auth:22.2.0] AndroidManifest.xml:29:9-46:20
230            android:name="com.google.firebase.auth.internal.GenericIdpActivity"
230-->[com.google.firebase:firebase-auth:22.2.0] AndroidManifest.xml:30:13-80
231            android:excludeFromRecents="true"
231-->[com.google.firebase:firebase-auth:22.2.0] AndroidManifest.xml:31:13-46
232            android:exported="true"
232-->[com.google.firebase:firebase-auth:22.2.0] AndroidManifest.xml:32:13-36
233            android:launchMode="singleTask"
233-->[com.google.firebase:firebase-auth:22.2.0] AndroidManifest.xml:33:13-44
234            android:theme="@android:style/Theme.Translucent.NoTitleBar" >
234-->[com.google.firebase:firebase-auth:22.2.0] AndroidManifest.xml:34:13-72
235            <intent-filter>
235-->[com.google.firebase:firebase-auth:22.2.0] AndroidManifest.xml:35:13-45:29
236                <action android:name="android.intent.action.VIEW" />
236-->[com.google.firebase:firebase-auth:22.2.0] AndroidManifest.xml:36:17-69
236-->[com.google.firebase:firebase-auth:22.2.0] AndroidManifest.xml:36:25-66
237
238                <category android:name="android.intent.category.DEFAULT" />
238-->[com.google.firebase:firebase-auth:22.2.0] AndroidManifest.xml:38:17-76
238-->[com.google.firebase:firebase-auth:22.2.0] AndroidManifest.xml:38:27-73
239                <category android:name="android.intent.category.BROWSABLE" />
239-->[com.google.firebase:firebase-auth:22.2.0] AndroidManifest.xml:39:17-78
239-->[com.google.firebase:firebase-auth:22.2.0] AndroidManifest.xml:39:27-75
240
241                <data
241-->[com.google.firebase:firebase-auth:22.2.0] AndroidManifest.xml:41:17-44:51
242                    android:host="firebase.auth"
242-->[com.google.firebase:firebase-auth:22.2.0] AndroidManifest.xml:42:21-49
243                    android:path="/"
243-->[com.google.firebase:firebase-auth:22.2.0] AndroidManifest.xml:43:21-37
244                    android:scheme="genericidp" />
244-->[com.google.firebase:firebase-auth:22.2.0] AndroidManifest.xml:44:21-48
245            </intent-filter>
246        </activity>
247        <activity
247-->[com.google.firebase:firebase-auth:22.2.0] AndroidManifest.xml:47:9-64:20
248            android:name="com.google.firebase.auth.internal.RecaptchaActivity"
248-->[com.google.firebase:firebase-auth:22.2.0] AndroidManifest.xml:48:13-79
249            android:excludeFromRecents="true"
249-->[com.google.firebase:firebase-auth:22.2.0] AndroidManifest.xml:49:13-46
250            android:exported="true"
250-->[com.google.firebase:firebase-auth:22.2.0] AndroidManifest.xml:50:13-36
251            android:launchMode="singleTask"
251-->[com.google.firebase:firebase-auth:22.2.0] AndroidManifest.xml:51:13-44
252            android:theme="@android:style/Theme.Translucent.NoTitleBar" >
252-->[com.google.firebase:firebase-auth:22.2.0] AndroidManifest.xml:52:13-72
253            <intent-filter>